Depth: 5

Extra path:  b1c3 c7c5 d2d3 d8a5 c3b1
Extra path:  b1c3 c7c5 d2d3 d8a5 c3a4
Extra path:  b1c3 c7c5 d2d3 d8a5 c3e4
Extra path:  b1c3 c7c5 d2d3 d8a5 c3b5
Extra path:  b1c3 c7c5 d2d3 d8a5 c3d5
Extra path:  b1c3 c7c5 d2d4 d8a5 c3b1
Extra path:  b1c3 c7c5 d2d4 d8a5 c3a4
Extra path:  b1c3 c7c5 d2d4 d8a5 c3e4
Extra path:  b1c3 c7c5 d2d4 d8a5 c3b5
Extra path:  b1c3 c7c5 d2d4 d8a5 c3d5
Extra path:  b1c3 c7c6 d2d3 d8a5 c3b1
Extra path:  b1c3 c7c6 d2d3 d8a5 c3a4
Extra path:  b1c3 c7c6 d2d3 d8a5 c3e4
Extra path:  b1c3 c7c6 d2d3 d8a5 c3b5
Extra path:  b1c3 c7c6 d2d3 d8a5 c3d5
Extra path:  b1c3 c7c6 d2d4 d8a5 c3b1
Extra path:  b1c3 c7c6 d2d4 d8a5 c3a4
Extra path:  b1c3 c7c6 d2d4 d8a5 c3e4
Extra path:  b1c3 c7c6 d2d4 d8a5 c3b5
Extra path:  b1c3 c7c6 d2d4 d8a5 c3d5
Extra path:  b1c3 e7e5 d2d3 f8b4 c3b1
Extra path:  b1c3 e7e5 d2d3 f8b4 c3a4
Extra path:  b1c3 e7e5 d2d3 f8b4 c3e4
Extra path:  b1c3 e7e5 d2d3 f8b4 c3b5
Extra path:  b1c3 e7e5 d2d3 f8b4 c3d5
Extra path:  b1c3 e7e5 d2d4 f8b4 c3b1
Extra path:  b1c3 e7e5 d2d4 f8b4 c3a4
Extra path:  b1c3 e7e5 d2d4 f8b4 c3e4
Extra path:  b1c3 e7e5 d2d4 f8b4 c3b5
Extra path:  b1c3 e7e5 d2d4 f8b4 c3d5
Extra path:  b1c3 e7e6 d2d3 f8b4 c3b1
Extra path:  b1c3 e7e6 d2d3 f8b4 c3a4
Extra path:  b1c3 e7e6 d2d3 f8b4 c3e4
Extra path:  b1c3 e7e6 d2d3 f8b4 c3b5
Extra path:  b1c3 e7e6 d2d3 f8b4 c3d5
Extra path:  b1c3 e7e6 d2d4 f8b4 c3b1
Extra path:  b1c3 e7e6 d2d4 f8b4 c3a4
Extra path:  b1c3 e7e6 d2d4 f8b4 c3e4
Extra path:  b1c3 e7e6 d2d4 f8b4 c3b5
Extra path:  b1c3 e7e6 d2d4 f8b4 c3d5

Extra path:  b2b4 c7c5 d2d3 d8a5 b4b5
Extra path:  b2b4 c7c5 d2d3 d8a5 b4c5
Extra path:  b2b4 c7c5 d2d4 d8a5 b4b5
Extra path:  b2b4 c7c5 d2d4 d8a5 b4c5
Extra path:  b2b4 c7c6 d2d3 d8a5 b4b5
Extra path:  b2b4 c7c6 d2d4 d8a5 b4b5

Extra path:  c2c3 c7c5 d2d3 d8a5 c3c4
Extra path:  c2c3 c7c5 d2d4 d8a5 c3c4
Extra path:  c2c3 c7c6 d2d3 d8a5 c3c4
Extra path:  c2c3 c7c6 d2d4 d8a5 c3c4
Extra path:  c2c3 e7e5 d2d3 f8b4 c3c4
Extra path:  c2c3 e7e5 d2d4 f8b4 c3c4
Extra path:  c2c3 e7e6 d2d3 f8b4 c3c4
Extra path:  c2c3 e7e6 d2d4 f8b4 c3c4

Extra path:  d2d3 c7c5 b1c3 d8a5 c3b1
Extra path:  d2d3 c7c5 b1c3 d8a5 c3a4
Extra path:  d2d3 c7c5 b1c3 d8a5 c3e4
Extra path:  d2d3 c7c5 b1c3 d8a5 c3b5
Extra path:  d2d3 c7c5 b1c3 d8a5 c3d5
Extra path:  d2d3 c7c5 e1d2 d8a5 d1e1
Extra path:  d2d3 c7c5 b2b4 d8a5 b4b5
Extra path:  d2d3 c7c5 b2b4 d8a5 b4c5
Extra path:  d2d3 c7c5 c2c3 d8a5 c3c4
Extra path:  d2d3 c7c6 b1c3 d8a5 c3b1
Extra path:  d2d3 c7c6 b1c3 d8a5 c3a4
Extra path:  d2d3 c7c6 b1c3 d8a5 c3e4
Extra path:  d2d3 c7c6 b1c3 d8a5 c3b5
Extra path:  d2d3 c7c6 b1c3 d8a5 c3d5
Extra path:  d2d3 c7c6 e1d2 d8a5 d1e1
Extra path:  d2d3 c7c6 b2b4 d8a5 b4b5
Extra path:  d2d3 c7c6 c2c3 d8a5 c3c4
Extra path:  d2d3 e7e5 b1c3 f8b4 c3b1
Extra path:  d2d3 e7e5 b1c3 f8b4 c3a4
Extra path:  d2d3 e7e5 b1c3 f8b4 c3e4
Extra path:  d2d3 e7e5 b1c3 f8b4 c3b5
Extra path:  d2d3 e7e5 b1c3 f8b4 c3d5
Extra path:  d2d3 e7e5 e1d2 f8b4 d1e1
Extra path:  d2d3 e7e5 c2c3 f8b4 c3c4
Extra path:  d2d3 e7e6 b1c3 f8b4 c3b1
Extra path:  d2d3 e7e6 b1c3 f8b4 c3a4
Extra path:  d2d3 e7e6 b1c3 f8b4 c3e4
Extra path:  d2d3 e7e6 b1c3 f8b4 c3b5
Extra path:  d2d3 e7e6 b1c3 f8b4 c3d5
Extra path:  d2d3 e7e6 e1d2 f8b4 d1e1
Extra path:  d2d3 e7e6 c2c3 f8b4 c3c4

Extra path:  d2d4 c7c5 b1c3 d8a5 c3b1
Extra path:  d2d4 c7c5 b1c3 d8a5 c3a4
Extra path:  d2d4 c7c5 b1c3 d8a5 c3e4
Extra path:  d2d4 c7c5 b1c3 d8a5 c3b5
Extra path:  d2d4 c7c5 b1c3 d8a5 c3d5
Extra path:  d2d4 c7c5 e1d2 d8a5 d1e1
Extra path:  d2d4 c7c5 b2b4 d8a5 b4b5
Extra path:  d2d4 c7c5 b2b4 d8a5 b4c5
Extra path:  d2d4 c7c5 c2c3 d8a5 c3c4
Extra path:  d2d4 c7c6 b1c3 d8a5 c3b1
Extra path:  d2d4 c7c6 b1c3 d8a5 c3a4
Extra path:  d2d4 c7c6 b1c3 d8a5 c3e4
Extra path:  d2d4 c7c6 b1c3 d8a5 c3b5
Extra path:  d2d4 c7c6 b1c3 d8a5 c3d5
Extra path:  d2d4 c7c6 e1d2 d8a5 d1e1
Extra path:  d2d4 c7c6 b2b4 d8a5 b4b5
Extra path:  d2d4 c7c6 c2c3 d8a5 c3c4
Extra path:  d2d4 e7e5 b1c3 f8b4 c3b1
Extra path:  d2d4 e7e5 b1c3 f8b4 c3a4
Extra path:  d2d4 e7e5 b1c3 f8b4 c3e4
Extra path:  d2d4 e7e5 b1c3 f8b4 c3b5
Extra path:  d2d4 e7e5 b1c3 f8b4 c3d5
Extra path:  d2d4 e7e5 e1d2 f8b4 d1e1
Extra path:  d2d4 e7e5 c2c3 f8b4 c3c4
Extra path:  d2d4 e7e6 b1c3 f8b4 c3b1
Extra path:  d2d4 e7e6 b1c3 f8b4 c3a4
Extra path:  d2d4 e7e6 b1c3 f8b4 c3e4
Extra path:  d2d4 e7e6 b1c3 f8b4 c3b5
Extra path:  d2d4 e7e6 b1c3 f8b4 c3d5
Extra path:  d2d4 e7e6 e1d2 f8b4 d1e1
Extra path:  d2d4 e7e6 c2c3 f8b4 c3c4

Extra path:  f2f3 e7e5 g2g3 d8h4 g3g4
Extra path:  f2f3 e7e6 g2g3 d8h4 g3g4
Extra path:  f2f4 e7e5 e1f2 d8h4 d1e1
Extra path:  f2f4 e7e5 e1f2 d8f6 f4e5
Extra path:  f2f4 e7e5 g2g3 d8h4 g3g4
Extra path:  f2f4 e7e6 e1f2 d8h4 d1e1
Extra path:  f2f4 e7e6 g2g3 d8h4 g3g4

Extra path:  g2g3 e7e5 f2f3 d8h4 g3g4
Extra path:  g2g3 e7e5 f2f4 d8h4 g3g4
Extra path:  g2g3 e7e6 f2f3 d8h4 g3g4
Extra path:  g2g3 e7e6 f2f4 d8h4 g3g4

